<?xml version="1.0" encoding="UTF-8"?>
<!-- Generated by org.testng.reporters.JUnitReportReporter -->
<testsuite skipped="0" hostname="DESKTOP-S2JJO36" name="tugasAutomation.Tugas.BuyProductTest" tests="1" failures="0" timestamp="27 May 2022 04:28:42 GMT" time="10.606" errors="0">
  <testcase name="buyProduct" time="10.606" classname="tugasAutomation.Tugas.BuyProductTest"/>
</testsuite> <!-- tugasAutomation.Tugas.BuyProductTest -->
