<?xml version="1.0" encoding="UTF-8"?>
<!-- Generated by org.testng.reporters.JUnitReportReporter -->
<testsuite skipped="0" hostname="DESKTOP-S2JJO36" name="tugasAutomation.Tugas.CartTest" tests="1" failures="0" timestamp="27 May 2022 04:20:46 GMT" time="8.629" errors="0">
  <testcase name="addItemToCartAndContinueShopping" time="8.629" classname="tugasAutomation.Tugas.CartTest"/>
</testsuite> <!-- tugasAutomation.Tugas.CartTest -->
