<?xml version="1.0" encoding="UTF-8"?>
<!-- Generated by org.testng.reporters.JUnitReportReporter -->
<testsuite skipped="0" hostname="DESKTOP-S2JJO36" name="tugasAutomation.Tugas.WebDriverInit" tests="1" failures="0" timestamp="31 May 2022 01:12:17 GMT" time="14.061" errors="0">
  <testcase name="login" time="14.061" classname="tugasAutomation.Tugas.WebDriverInit"/>
</testsuite> <!-- tugasAutomation.Tugas.WebDriverInit -->
