<?xml version="1.0" encoding="UTF-8"?>
<!-- Generated by org.testng.reporters.JUnitReportReporter -->
<testsuite skipped="0" hostname="DESKTOP-S2JJO36" name="tugasAutomation.Tugas.WebTest" tests="1" failures="0" timestamp="24 May 2022 04:16:04 GMT" time="7.053" errors="0">
  <testcase name="testLogin" time="7.053" classname="tugasAutomation.Tugas.WebTest"/>
</testsuite> <!-- tugasAutomation.Tugas.WebTest -->
