<?xml version="1.0" encoding="UTF-8"?>
<!-- Generated by org.testng.reporters.JUnitReportReporter -->
<testsuite skipped="0" hostname="DESKTOP-S2JJO36" name="tugasAutomation.Tugas.AppTest" tests="1" failures="0" timestamp="23 May 2022 15:25:04 GMT" time="0.096" errors="0">
  <testcase name="shouldAnswerWithTrue" time="0.096" classname="tugasAutomation.Tugas.AppTest"/>
</testsuite> <!-- tugasAutomation.Tugas.AppTest -->
