<?xml version="1.0" encoding="UTF-8"?>
<!-- Generated by org.testng.reporters.JUnitReportReporter -->
<testsuite skipped="0" hostname="DESKTOP-S2JJO36" name="qaautomation.may2022.GraphQLTest" tests="2" failures="0" timestamp="31 May 2022 08:21:52 GMT" time="10.294" errors="0">
  <testcase name="getLaunchesWithVariable" time="2.392" classname="qaautomation.may2022.GraphQLTest"/>
  <testcase name="checkCEO" time="7.902" classname="qaautomation.may2022.GraphQLTest"/>
</testsuite> <!-- qaautomation.may2022.GraphQLTest -->
