<?xml version="1.0" encoding="UTF-8"?>
<!-- Generated by org.testng.reporters.JUnitReportReporter -->
<testsuite skipped="0" hostname="DESKTOP-S2JJO36" name="qaautomation.may2022.APITestAfterRefactor" tests="1" failures="0" timestamp="30 May 2022 10:00:27 GMT" time="6.552" errors="0">
  <testcase name="fakerTest" time="6.552" classname="qaautomation.may2022.APITestAfterRefactor"/>
</testsuite> <!-- qaautomation.may2022.APITestAfterRefactor -->
