<?xml version="1.0" encoding="UTF-8"?>
<!-- Generated by org.testng.reporters.JUnitReportReporter -->
<testsuite skipped="0" hostname="DESKTOP-S2JJO36" name="qaautomation.may2022.AppTest" tests="1" failures="0" timestamp="22 May 2022 06:53:57 GMT" time="0.003" errors="0">
  <testcase name="shouldAnswerWithTrue" time="0.003" classname="qaautomation.may2022.AppTest"/>
</testsuite> <!-- qaautomation.may2022.AppTest -->
