<?xml version="1.0" encoding="UTF-8"?>
<!-- Generated by org.testng.reporters.JUnitReportReporter -->
<testsuite skipped="0" hostname="DESKTOP-S2JJO36" name="qaautomation.may2022.APITest" tests="4" failures="0" timestamp="29 May 2022 06:31:11 GMT" time="10.266" errors="0">
  <testcase name="loginAPI" time="5.455" classname="qaautomation.may2022.APITest"/>
  <testcase name="dashboardAPI" time="2.227" classname="qaautomation.may2022.APITest"/>
  <testcase name="createUser" time="0.936" classname="qaautomation.may2022.APITest"/>
  <testcase name="configAPI" time="1.648" classname="qaautomation.may2022.APITest"/>
</testsuite> <!-- qaautomation.may2022.APITest -->
