<?xml version="1.0" encoding="UTF-8"?>
<!-- Generated by org.testng.reporters.JUnitReportReporter -->
<testsuite skipped="0" hostname="DESKTOP-S2JJO36" name="qaautomation.may2022.WebTestAfterRefactor" tests="4" failures="0" timestamp="22 May 2022 06:53:57 GMT" time="60.052" errors="0">
  <testcase name="testLoginFailedWrongPassword" time="14.508" classname="qaautomation.may2022.WebTestAfterRefactor"/>
  <testcase name="testLoginFailedWrongUsernameandPassword" time="15.159" classname="qaautomation.may2022.WebTestAfterRefactor"/>
  <testcase name="testLogin" time="16.872" classname="qaautomation.may2022.WebTestAfterRefactor"/>
  <testcase name="testLoginFailedWrongUsername" time="13.513" classname="qaautomation.may2022.WebTestAfterRefactor"/>
</testsuite> <!-- qaautomation.may2022.WebTestAfterRefactor -->
