<?xml version="1.0" encoding="UTF-8"?>
<!-- Generated by org.testng.reporters.JUnitReportReporter -->
<testsuite skipped="0" hostname="DESKTOP-S2JJO36" name="qaautomation.may2022.WebUpdatePOM" tests="4" failures="0" timestamp="22 May 2022 07:39:11 GMT" time="39.018" errors="0">
  <testcase name="testLoginFailedWrongPassword" time="8.755" classname="qaautomation.may2022.WebUpdatePOM"/>
  <testcase name="testLoginFailedWrongUsernameandPassword" time="8.435" classname="qaautomation.may2022.WebUpdatePOM"/>
  <testcase name="testLogin" time="9.977" classname="qaautomation.may2022.WebUpdatePOM"/>
  <testcase name="testLoginFailedWrongUsername" time="11.851" classname="qaautomation.may2022.WebUpdatePOM"/>
</testsuite> <!-- qaautomation.may2022.WebUpdatePOM -->
